<?xml version="1.0" encoding="UTF-8"?>
<!-- Generated by org.testng.reporters.JUnitXMLReporter -->
<testsuite ignored="0" hostname="DESKTOP-G25F7V2" failures="1" tests="1" name="ecommerceTest" time="29.629" errors="0" timestamp="2023-01-14T21:59:47 IST">
  <testcase classname="testcases.TC_001_AccountRegistrationTest" name="test_account_Registration" time="0.007">
    <failure type="java.lang.Error" message="Unresolved compilation problem: 
	The method randomAlphaNumeric() is undefined for the type TC_001_AccountRegistrationTest
">
      <![CDATA[java.lang.Error: Unresolved compilation problem: 
The method randomAlphaNumeric() is undefined for the type TC_001_AccountRegistrationTest

at testcases.TC_001_AccountRegistrationTest.test_account_Registration(TC_001_AccountRegistrationTest.java:38)
at java.base/java.util.ArrayList.forEach(ArrayList.java:1511)
... Removed 25 stack frames]]>
    </failure>
  </testcase> <!-- test_account_Registration -->
</testsuite> <!-- ecommerceTest -->
